mode: set
homework/cmd/main.go:18.13,26.39 6 0
homework/cmd/main.go:26.39,28.3 1 0
homework/cmd/main.go:30.2,30.21 1 0
homework/internal/util/common.go:12.33,14.16 2 0
homework/internal/util/common.go:14.16,16.3 1 0
homework/internal/util/common.go:18.2,19.16 2 0
homework/internal/util/common.go:19.16,21.3 1 0
homework/internal/util/common.go:23.2,24.16 2 0
homework/internal/util/common.go:24.16,26.3 1 0
homework/internal/util/common.go:28.2,36.3 1 0
homework/internal/util/common.go:39.82,40.19 1 0
homework/internal/util/common.go:40.19,41.29 1 0
homework/internal/util/common.go:41.29,45.12 3 0
homework/internal/util/common.go:47.3,47.13 1 0
homework/internal/util/common.go:49.2,49.8 1 0
homework/internal/util/common.go:52.37,55.16 2 0
homework/internal/util/common.go:55.16,57.3 1 0
homework/internal/util/common.go:58.2,64.3 1 0
homework/internal/view/cli.go:30.73,73.2 1 0
homework/internal/view/cli.go:75.27,84.27 6 0
homework/internal/view/cli.go:84.27,86.3 1 0
homework/internal/view/cli.go:88.2,93.12 3 0
homework/internal/view/cli.go:93.12,95.22 2 0
homework/internal/view/cli.go:95.22,97.4 1 0
homework/internal/view/cli.go:101.2,111.12 6 0
homework/internal/view/cli.go:114.71,115.6 1 0
homework/internal/view/cli.go:115.6,119.3 3 0
homework/internal/view/cli.go:122.123,123.6 1 0
homework/internal/view/cli.go:123.6,126.35 2 0
homework/internal/view/cli.go:126.35,128.4 1 0
homework/internal/view/cli.go:128.9,128.54 1 0
homework/internal/view/cli.go:128.54,129.62 1 0
homework/internal/view/cli.go:129.62,131.5 1 0
homework/internal/view/cli.go:132.9,138.4 4 0
homework/internal/view/cli.go:142.90,152.2 7 0
homework/internal/view/cli.go:154.78,160.39 6 0
homework/internal/view/cli.go:160.39,162.3 1 0
homework/internal/view/cli.go:164.2,164.18 1 0
homework/internal/view/cli.go:164.18,166.3 1 0
homework/internal/view/cli.go:167.2,168.16 2 0
homework/internal/view/cli.go:168.16,170.3 1 0
homework/internal/view/cli.go:171.2,171.11 1 0
homework/internal/view/cli.go:171.11,173.3 1 0
homework/internal/view/cli.go:175.2,179.12 4 0
homework/internal/view/cli.go:182.44,186.21 3 0
homework/internal/view/cli.go:187.19,188.49 1 0
homework/internal/view/cli.go:188.49,190.4 1 0
homework/internal/view/cli.go:190.9,192.4 1 0
homework/internal/view/cli.go:193.19,194.49 1 0
homework/internal/view/cli.go:194.49,196.4 1 0
homework/internal/view/cli.go:197.20,198.50 1 0
homework/internal/view/cli.go:198.50,200.4 1 0
homework/internal/view/cli.go:200.9,202.4 1 0
homework/internal/view/cli.go:203.28,204.58 1 0
homework/internal/view/cli.go:204.58,206.4 1 0
homework/internal/view/cli.go:206.9,208.4 1 0
homework/internal/view/cli.go:209.19,210.49 1 0
homework/internal/view/cli.go:210.49,212.4 1 0
homework/internal/view/cli.go:213.18,214.48 1 0
homework/internal/view/cli.go:214.48,216.4 1 0
homework/internal/view/cli.go:217.12,218.11 1 0
homework/internal/view/cli.go:219.10,220.70 1 0
homework/internal/view/cli.go:224.48,234.39 9 0
homework/internal/view/cli.go:234.39,236.3 1 0
homework/internal/view/cli.go:238.2,239.16 2 0
homework/internal/view/cli.go:239.16,241.3 1 0
homework/internal/view/cli.go:243.2,243.55 1 0
homework/internal/view/cli.go:246.48,250.39 4 0
homework/internal/view/cli.go:250.39,252.3 1 0
homework/internal/view/cli.go:253.2,254.16 2 0
homework/internal/view/cli.go:254.16,256.3 1 0
homework/internal/view/cli.go:257.2,257.45 1 0
homework/internal/view/cli.go:260.49,265.39 5 0
homework/internal/view/cli.go:265.39,267.3 1 0
homework/internal/view/cli.go:269.2,270.16 2 0
homework/internal/view/cli.go:270.16,272.3 1 0
homework/internal/view/cli.go:273.2,273.46 1 0
homework/internal/view/cli.go:276.57,281.39 4 0
homework/internal/view/cli.go:281.39,283.3 1 0
homework/internal/view/cli.go:285.2,285.72 1 0
homework/internal/view/cli.go:285.72,287.3 1 0
homework/internal/view/cli.go:289.2,289.43 1 0
homework/internal/view/cli.go:292.48,298.39 5 0
homework/internal/view/cli.go:298.39,300.3 1 0
homework/internal/view/cli.go:302.2,303.16 2 0
homework/internal/view/cli.go:303.16,305.3 1 0
homework/internal/view/cli.go:307.2,308.16 2 0
homework/internal/view/cli.go:308.16,310.3 1 0
homework/internal/view/cli.go:312.2,314.12 2 0
homework/internal/view/cli.go:317.47,324.39 6 0
homework/internal/view/cli.go:324.39,326.3 1 0
homework/internal/view/cli.go:328.2,329.16 2 0
homework/internal/view/cli.go:329.16,331.3 1 0
homework/internal/view/cli.go:333.2,334.16 2 0
homework/internal/view/cli.go:334.16,336.3 1 0
homework/internal/view/cli.go:338.2,340.12 2 0
homework/internal/view/cli.go:343.22,347.36 4 0
homework/internal/view/cli.go:347.36,351.21 4 0
homework/internal/view/cli.go:351.21,353.4 1 0
homework/internal/view/cli.go:354.3,354.21 1 0
homework/internal/view/cli.go:354.21,356.4 1 0
homework/internal/view/cli.go:357.3,357.69 1 0
homework/pkg/hash/hash.go:10.28,15.2 3 0
homework/internal/storage/db/postgres.go:22.80,27.38 4 0
homework/internal/storage/db/postgres.go:27.38,32.17 4 0
homework/internal/storage/db/postgres.go:32.17,34.4 1 0
homework/internal/storage/db/postgres.go:36.3,36.13 1 0
homework/internal/storage/db/postgres.go:39.2,39.16 1 0
homework/internal/storage/db/postgres.go:39.16,41.3 1 0
homework/internal/storage/db/postgres.go:42.2,47.3 2 0
homework/internal/storage/db/postgres.go:50.84,61.16 5 0
homework/internal/storage/db/postgres.go:61.16,63.29 2 0
homework/internal/storage/db/postgres.go:63.29,65.4 1 0
homework/internal/storage/db/postgres.go:66.3,66.17 1 0
homework/internal/storage/db/postgres.go:68.2,68.16 1 0
homework/internal/storage/db/postgres.go:71.82,79.16 5 0
homework/internal/storage/db/postgres.go:79.16,81.29 2 0
homework/internal/storage/db/postgres.go:81.29,83.4 1 0
homework/internal/storage/db/postgres.go:84.3,84.20 1 0
homework/internal/storage/db/postgres.go:86.2,86.22 1 0
homework/internal/storage/db/postgres.go:89.82,94.16 2 0
homework/internal/storage/db/postgres.go:94.16,96.3 1 0
homework/internal/storage/db/postgres.go:97.2,103.31 4 0
homework/internal/storage/db/postgres.go:103.31,106.3 2 0
homework/internal/storage/db/postgres.go:108.2,109.24 2 0
homework/internal/storage/db/postgres.go:109.24,111.17 2 0
homework/internal/storage/db/postgres.go:111.17,114.4 2 0
homework/internal/storage/db/postgres.go:116.2,118.25 2 0
homework/internal/storage/db/postgres.go:121.75,127.16 5 0
homework/internal/storage/db/postgres.go:127.16,129.29 2 0
homework/internal/storage/db/postgres.go:129.29,131.4 1 0
homework/internal/storage/db/postgres.go:132.3,132.17 1 0
homework/internal/storage/db/postgres.go:135.2,135.17 1 0
homework/internal/storage/db/postgres.go:138.78,144.70 4 0
homework/internal/storage/db/postgres.go:144.70,145.36 1 0
homework/internal/storage/db/postgres.go:145.36,147.4 1 0
homework/internal/storage/db/postgres.go:148.3,148.29 1 0
homework/internal/storage/db/postgres.go:150.2,150.19 1 0
homework/internal/storage/db/postgres.go:153.95,163.16 4 0
homework/internal/storage/db/postgres.go:163.16,165.29 2 0
homework/internal/storage/db/postgres.go:165.29,167.4 1 0
homework/internal/storage/db/postgres.go:168.3,168.18 1 0
homework/internal/storage/db/postgres.go:171.2,174.56 3 0
homework/internal/storage/db/postgres.go:174.56,176.3 1 0
homework/internal/storage/db/postgres.go:177.2,177.21 1 0
homework/internal/storage/db/postgres.go:180.109,190.16 4 0
homework/internal/storage/db/postgres.go:190.16,192.29 2 0
homework/internal/storage/db/postgres.go:192.29,194.4 1 0
homework/internal/storage/db/postgres.go:195.3,195.18 1 0
homework/internal/storage/db/postgres.go:197.2,200.59 3 0
homework/internal/storage/db/postgres.go:200.59,202.3 1 0
homework/internal/storage/db/postgres.go:203.2,203.24 1 0
homework/internal/storage/db/schema.go:20.55,22.41 2 0
homework/internal/storage/db/schema.go:22.41,24.3 1 0
homework/internal/storage/db/schema.go:25.2,25.22 1 0
homework/tests/db/postgres.go:16.99,19.16 3 0
homework/tests/db/postgres.go:19.16,21.3 1 0
homework/tests/db/postgres.go:22.2,29.3 2 0
homework/internal/service/package/box.go:17.34,19.2 1 1
homework/internal/service/package/box.go:21.59,22.27 1 1
homework/internal/service/package/box.go:22.27,24.3 1 0
homework/internal/service/package/box.go:25.2,25.30 1 1
homework/internal/service/package/box.go:28.49,32.2 3 0
homework/internal/service/package/film.go:16.36,18.2 1 1
homework/internal/service/package/film.go:21.60,23.2 1 0
homework/internal/service/package/film.go:25.50,29.2 3 0
homework/internal/service/package/package.go:22.41,30.2 1 1
homework/internal/service/package/package.go:32.103,33.52 1 1
homework/internal/service/package/package.go:33.52,35.3 1 1
homework/internal/service/package/package.go:36.2,36.35 1 1
homework/internal/service/package/package.go:39.93,40.52 1 0
homework/internal/service/package/package.go:40.52,43.3 2 0
homework/internal/service/package/package.go:45.2,45.38 1 0
homework/internal/service/package/packet.go:17.40,19.2 1 1
homework/internal/service/package/packet.go:21.62,22.30 1 1
homework/internal/service/package/packet.go:22.30,24.3 1 0
homework/internal/service/package/packet.go:25.2,25.30 1 1
homework/internal/service/package/packet.go:28.52,32.2 3 0
homework/internal/util/common.go:12.33,14.16 2 0
homework/internal/util/common.go:14.16,16.3 1 0
homework/internal/util/common.go:18.2,19.16 2 0
homework/internal/util/common.go:19.16,21.3 1 0
homework/internal/util/common.go:23.2,24.16 2 0
homework/internal/util/common.go:24.16,26.3 1 0
homework/internal/util/common.go:28.2,36.3 1 0
homework/internal/util/common.go:39.82,40.19 1 0
homework/internal/util/common.go:40.19,41.29 1 0
homework/internal/util/common.go:41.29,45.12 3 0
homework/internal/util/common.go:47.3,47.13 1 0
homework/internal/util/common.go:49.2,49.8 1 0
homework/internal/util/common.go:52.37,55.16 2 0
homework/internal/util/common.go:55.16,57.3 1 0
homework/internal/util/common.go:58.2,64.3 1 0
homework/mocks/mock_OrderService.go:20.65,22.2 1 0
homework/mocks/mock_OrderService.go:25.82,28.19 2 0
homework/mocks/mock_OrderService.go:28.19,29.48 1 0
homework/mocks/mock_OrderService.go:32.2,33.66 2 0
homework/mocks/mock_OrderService.go:33.66,35.3 1 0
homework/mocks/mock_OrderService.go:35.8,37.3 1 0
homework/mocks/mock_OrderService.go:39.2,39.11 1 0
homework/mocks/mock_OrderService.go:50.118,52.2 1 0
homework/mocks/mock_OrderService.go:54.125,55.40 1 0
homework/mocks/mock_OrderService.go:55.40,57.3 1 0
homework/mocks/mock_OrderService.go:58.2,58.11 1 0
homework/mocks/mock_OrderService.go:61.89,64.2 2 0
homework/mocks/mock_OrderService.go:66.123,69.2 2 0
homework/mocks/mock_OrderService.go:72.72,75.19 2 0
homework/mocks/mock_OrderService.go:75.19,76.48 1 0
homework/mocks/mock_OrderService.go:79.2,81.66 3 0
homework/mocks/mock_OrderService.go:81.66,83.3 1 0
homework/mocks/mock_OrderService.go:84.2,84.58 1 0
homework/mocks/mock_OrderService.go:84.58,86.3 1 0
homework/mocks/mock_OrderService.go:86.8,88.3 1 0
homework/mocks/mock_OrderService.go:90.2,90.50 1 0
homework/mocks/mock_OrderService.go:90.50,92.3 1 0
homework/mocks/mock_OrderService.go:92.8,94.3 1 0
homework/mocks/mock_OrderService.go:96.2,96.15 1 0
homework/mocks/mock_OrderService.go:106.95,108.2 1 0
homework/mocks/mock_OrderService.go:110.100,111.40 1 0
homework/mocks/mock_OrderService.go:111.40,113.3 1 0
homework/mocks/mock_OrderService.go:114.2,114.11 1 0
homework/mocks/mock_OrderService.go:117.106,120.2 2 0
homework/mocks/mock_OrderService.go:122.123,125.2 2 0
homework/mocks/mock_OrderService.go:128.72,131.19 2 0
homework/mocks/mock_OrderService.go:131.19,132.47 1 0
homework/mocks/mock_OrderService.go:135.2,136.60 2 0
homework/mocks/mock_OrderService.go:136.60,138.3 1 0
homework/mocks/mock_OrderService.go:138.8,140.3 1 0
homework/mocks/mock_OrderService.go:142.2,142.11 1 0
homework/mocks/mock_OrderService.go:152.100,154.2 1 0
homework/mocks/mock_OrderService.go:156.114,157.40 1 0
homework/mocks/mock_OrderService.go:157.40,159.3 1 0
homework/mocks/mock_OrderService.go:160.2,160.11 1 0
homework/mocks/mock_OrderService.go:163.87,166.2 2 0
homework/mocks/mock_OrderService.go:168.115,171.2 2 0
homework/mocks/mock_OrderService.go:174.102,177.19 2 0
homework/mocks/mock_OrderService.go:177.19,178.52 1 0
homework/mocks/mock_OrderService.go:181.2,183.79 3 0
homework/mocks/mock_OrderService.go:183.79,185.3 1 0
homework/mocks/mock_OrderService.go:186.2,186.70 1 0
homework/mocks/mock_OrderService.go:186.70,188.3 1 0
homework/mocks/mock_OrderService.go:188.8,189.24 1 0
homework/mocks/mock_OrderService.go:189.24,191.4 1 0
homework/mocks/mock_OrderService.go:194.2,194.61 1 0
homework/mocks/mock_OrderService.go:194.61,196.3 1 0
homework/mocks/mock_OrderService.go:196.8,198.3 1 0
homework/mocks/mock_OrderService.go:200.2,200.15 1 0
homework/mocks/mock_OrderService.go:212.142,214.2 1 0
homework/mocks/mock_OrderService.go:216.131,217.40 1 0
homework/mocks/mock_OrderService.go:217.40,219.3 1 0
homework/mocks/mock_OrderService.go:220.2,220.11 1 0
homework/mocks/mock_OrderService.go:223.117,226.2 2 0
homework/mocks/mock_OrderService.go:228.144,231.2 2 0
homework/mocks/mock_OrderService.go:234.88,237.19 2 0
homework/mocks/mock_OrderService.go:237.19,238.53 1 0
homework/mocks/mock_OrderService.go:241.2,243.71 3 0
homework/mocks/mock_OrderService.go:243.71,245.3 1 0
homework/mocks/mock_OrderService.go:246.2,246.62 1 0
homework/mocks/mock_OrderService.go:246.62,248.3 1 0
homework/mocks/mock_OrderService.go:248.8,249.24 1 0
homework/mocks/mock_OrderService.go:249.24,251.4 1 0
homework/mocks/mock_OrderService.go:254.2,254.53 1 0
homework/mocks/mock_OrderService.go:254.53,256.3 1 0
homework/mocks/mock_OrderService.go:256.8,258.3 1 0
homework/mocks/mock_OrderService.go:260.2,260.15 1 0
homework/mocks/mock_OrderService.go:271.124,273.2 1 0
homework/mocks/mock_OrderService.go:275.118,276.40 1 0
homework/mocks/mock_OrderService.go:276.40,278.3 1 0
homework/mocks/mock_OrderService.go:279.2,279.11 1 0
homework/mocks/mock_OrderService.go:282.119,285.2 2 0
homework/mocks/mock_OrderService.go:287.138,290.2 2 0
homework/mocks/mock_OrderService.go:293.62,295.2 1 0
homework/mocks/mock_OrderService.go:304.101,306.2 1 0
homework/mocks/mock_OrderService.go:308.114,309.40 1 0
homework/mocks/mock_OrderService.go:309.40,311.3 1 0
homework/mocks/mock_OrderService.go:312.2,312.11 1 0
homework/mocks/mock_OrderService.go:315.86,318.2 2 0
homework/mocks/mock_OrderService.go:320.116,323.2 2 0
homework/mocks/mock_OrderService.go:326.64,329.19 2 0
homework/mocks/mock_OrderService.go:329.19,330.48 1 0
homework/mocks/mock_OrderService.go:333.2,334.58 2 0
homework/mocks/mock_OrderService.go:334.58,336.3 1 0
homework/mocks/mock_OrderService.go:336.8,338.3 1 0
homework/mocks/mock_OrderService.go:340.2,340.11 1 0
homework/mocks/mock_OrderService.go:350.95,352.2 1 0
homework/mocks/mock_OrderService.go:354.107,355.40 1 0
homework/mocks/mock_OrderService.go:355.40,357.3 1 0
homework/mocks/mock_OrderService.go:358.2,358.11 1 0
homework/mocks/mock_OrderService.go:361.89,364.2 2 0
homework/mocks/mock_OrderService.go:366.115,369.2 2 0
homework/mocks/mock_OrderService.go:372.62,375.19 2 0
homework/mocks/mock_OrderService.go:375.19,376.57 1 0
homework/mocks/mock_OrderService.go:379.2,380.51 2 0
homework/mocks/mock_OrderService.go:380.51,382.3 1 0
homework/mocks/mock_OrderService.go:382.8,384.3 1 0
homework/mocks/mock_OrderService.go:386.2,386.11 1 0
homework/mocks/mock_OrderService.go:396.109,398.2 1 0
homework/mocks/mock_OrderService.go:400.114,401.40 1 0
homework/mocks/mock_OrderService.go:401.40,403.3 1 0
homework/mocks/mock_OrderService.go:404.2,404.11 1 0
homework/mocks/mock_OrderService.go:407.107,410.2 2 0
homework/mocks/mock_OrderService.go:412.126,415.2 2 0
homework/mocks/mock_OrderService.go:422.22,426.19 3 0
homework/mocks/mock_OrderService.go:426.19,426.49 1 0
homework/mocks/mock_OrderService.go:428.2,428.13 1 0
homework/mocks/mock_PackageService.go:20.69,22.2 1 0
homework/mocks/mock_PackageService.go:25.97,27.2 1 0
homework/mocks/mock_PackageService.go:37.135,39.2 1 0
homework/mocks/mock_PackageService.go:41.154,42.40 1 0
homework/mocks/mock_PackageService.go:42.40,44.3 1 0
homework/mocks/mock_PackageService.go:45.2,45.11 1 0
homework/mocks/mock_PackageService.go:48.96,51.2 2 0
homework/mocks/mock_PackageService.go:53.145,56.2 2 0
homework/mocks/mock_PackageService.go:59.107,62.19 2 0
homework/mocks/mock_PackageService.go:62.19,63.57 1 0
homework/mocks/mock_PackageService.go:66.2,67.78 2 0
homework/mocks/mock_PackageService.go:67.78,69.3 1 0
homework/mocks/mock_PackageService.go:69.8,71.3 1 0
homework/mocks/mock_PackageService.go:73.2,73.11 1 0
homework/mocks/mock_PackageService.go:84.142,86.2 1 0
homework/mocks/mock_PackageService.go:88.161,89.40 1 0
homework/mocks/mock_PackageService.go:89.40,91.3 1 0
homework/mocks/mock_PackageService.go:92.2,92.11 1 0
homework/mocks/mock_PackageService.go:95.111,98.2 2 0
homework/mocks/mock_PackageService.go:100.157,103.2 2 0
homework/mocks/mock_PackageService.go:110.24,114.19 3 0
homework/mocks/mock_PackageService.go:114.19,114.49 1 0
homework/mocks/mock_PackageService.go:116.2,116.13 1 0
homework/mocks/mock_Storage.go:20.55,22.2 1 0
homework/mocks/mock_Storage.go:25.77,28.19 2 0
homework/mocks/mock_Storage.go:28.19,29.48 1 0
homework/mocks/mock_Storage.go:32.2,34.69 3 0
homework/mocks/mock_Storage.go:34.69,36.3 1 0
homework/mocks/mock_Storage.go:37.2,37.60 1 0
homework/mocks/mock_Storage.go:37.60,39.3 1 0
homework/mocks/mock_Storage.go:39.8,41.3 1 0
homework/mocks/mock_Storage.go:43.2,43.59 1 0
homework/mocks/mock_Storage.go:43.59,45.3 1 0
homework/mocks/mock_Storage.go:45.8,47.3 1 0
homework/mocks/mock_Storage.go:49.2,49.15 1 0
homework/mocks/mock_Storage.go:60.105,62.2 1 0
homework/mocks/mock_Storage.go:64.105,65.40 1 0
homework/mocks/mock_Storage.go:65.40,67.3 1 0
homework/mocks/mock_Storage.go:68.2,68.11 1 0
homework/mocks/mock_Storage.go:71.91,74.2 2 0
homework/mocks/mock_Storage.go:76.116,79.2 2 0
homework/mocks/mock_Storage.go:82.80,85.19 2 0
homework/mocks/mock_Storage.go:85.19,86.45 1 0
homework/mocks/mock_Storage.go:89.2,91.75 3 0
homework/mocks/mock_Storage.go:91.75,93.3 1 0
homework/mocks/mock_Storage.go:94.2,94.66 1 0
homework/mocks/mock_Storage.go:94.66,96.3 1 0
homework/mocks/mock_Storage.go:96.8,98.3 1 0
homework/mocks/mock_Storage.go:100.2,100.59 1 0
homework/mocks/mock_Storage.go:100.59,102.3 1 0
homework/mocks/mock_Storage.go:102.8,104.3 1 0
homework/mocks/mock_Storage.go:106.2,106.15 1 0
homework/mocks/mock_Storage.go:117.99,119.2 1 0
homework/mocks/mock_Storage.go:121.99,122.40 1 0
homework/mocks/mock_Storage.go:122.40,124.3 1 0
homework/mocks/mock_Storage.go:125.2,125.11 1 0
homework/mocks/mock_Storage.go:128.91,131.2 2 0
homework/mocks/mock_Storage.go:133.116,136.2 2 0
homework/mocks/mock_Storage.go:139.115,142.19 2 0
homework/mocks/mock_Storage.go:142.19,143.51 1 0
homework/mocks/mock_Storage.go:146.2,148.87 3 0
homework/mocks/mock_Storage.go:148.87,150.3 1 0
homework/mocks/mock_Storage.go:151.2,151.78 1 0
homework/mocks/mock_Storage.go:151.78,153.3 1 0
homework/mocks/mock_Storage.go:153.8,154.24 1 0
homework/mocks/mock_Storage.go:154.24,156.4 1 0
homework/mocks/mock_Storage.go:159.2,159.69 1 0
homework/mocks/mock_Storage.go:159.69,161.3 1 0
homework/mocks/mock_Storage.go:161.8,163.3 1 0
homework/mocks/mock_Storage.go:165.2,165.15 1 0
homework/mocks/mock_Storage.go:178.154,180.2 1 0
homework/mocks/mock_Storage.go:182.138,183.40 1 0
homework/mocks/mock_Storage.go:183.40,185.3 1 0
homework/mocks/mock_Storage.go:186.2,186.11 1 0
homework/mocks/mock_Storage.go:189.105,192.2 2 0
homework/mocks/mock_Storage.go:194.140,197.2 2 0
homework/mocks/mock_Storage.go:200.101,203.19 2 0
homework/mocks/mock_Storage.go:203.19,204.52 1 0
homework/mocks/mock_Storage.go:207.2,209.79 3 0
homework/mocks/mock_Storage.go:209.79,211.3 1 0
homework/mocks/mock_Storage.go:212.2,212.70 1 0
homework/mocks/mock_Storage.go:212.70,214.3 1 0
homework/mocks/mock_Storage.go:214.8,215.24 1 0
homework/mocks/mock_Storage.go:215.24,217.4 1 0
homework/mocks/mock_Storage.go:220.2,220.61 1 0
homework/mocks/mock_Storage.go:220.61,222.3 1 0
homework/mocks/mock_Storage.go:222.8,224.3 1 0
homework/mocks/mock_Storage.go:226.2,226.15 1 0
homework/mocks/mock_Storage.go:238.136,240.2 1 0
homework/mocks/mock_Storage.go:242.125,243.40 1 0
homework/mocks/mock_Storage.go:243.40,245.3 1 0
homework/mocks/mock_Storage.go:246.2,246.11 1 0
homework/mocks/mock_Storage.go:249.107,252.2 2 0
homework/mocks/mock_Storage.go:254.134,257.2 2 0
homework/mocks/mock_Storage.go:260.86,263.19 2 0
homework/mocks/mock_Storage.go:263.19,264.48 1 0
homework/mocks/mock_Storage.go:267.2,269.75 3 0
homework/mocks/mock_Storage.go:269.75,271.3 1 0
homework/mocks/mock_Storage.go:272.2,272.66 1 0
homework/mocks/mock_Storage.go:272.66,274.3 1 0
homework/mocks/mock_Storage.go:274.8,276.3 1 0
homework/mocks/mock_Storage.go:278.2,278.65 1 0
homework/mocks/mock_Storage.go:278.65,280.3 1 0
homework/mocks/mock_Storage.go:280.8,282.3 1 0
homework/mocks/mock_Storage.go:284.2,284.15 1 0
homework/mocks/mock_Storage.go:295.108,297.2 1 0
homework/mocks/mock_Storage.go:299.114,300.40 1 0
homework/mocks/mock_Storage.go:300.40,302.3 1 0
homework/mocks/mock_Storage.go:303.2,303.11 1 0
homework/mocks/mock_Storage.go:306.91,309.2 2 0
homework/mocks/mock_Storage.go:311.122,314.2 2 0
homework/mocks/mock_Storage.go:317.84,320.19 2 0
homework/mocks/mock_Storage.go:320.19,321.53 1 0
homework/mocks/mock_Storage.go:324.2,325.67 2 0
homework/mocks/mock_Storage.go:325.67,327.3 1 0
homework/mocks/mock_Storage.go:327.8,329.3 1 0
homework/mocks/mock_Storage.go:331.2,331.11 1 0
homework/mocks/mock_Storage.go:342.119,344.2 1 0
homework/mocks/mock_Storage.go:346.127,347.40 1 0
homework/mocks/mock_Storage.go:347.40,349.3 1 0
homework/mocks/mock_Storage.go:350.2,350.11 1 0
homework/mocks/mock_Storage.go:353.89,356.2 2 0
homework/mocks/mock_Storage.go:358.124,361.2 2 0
homework/mocks/mock_Storage.go:364.84,367.19 2 0
homework/mocks/mock_Storage.go:367.19,368.48 1 0
homework/mocks/mock_Storage.go:371.2,373.73 3 0
homework/mocks/mock_Storage.go:373.73,375.3 1 0
homework/mocks/mock_Storage.go:376.2,376.64 1 0
homework/mocks/mock_Storage.go:376.64,378.3 1 0
homework/mocks/mock_Storage.go:378.8,380.3 1 0
homework/mocks/mock_Storage.go:382.2,382.65 1 0
homework/mocks/mock_Storage.go:382.65,384.3 1 0
homework/mocks/mock_Storage.go:384.8,386.3 1 0
homework/mocks/mock_Storage.go:388.2,388.15 1 0
homework/mocks/mock_Storage.go:399.108,401.2 1 0
homework/mocks/mock_Storage.go:403.114,404.40 1 0
homework/mocks/mock_Storage.go:404.40,406.3 1 0
homework/mocks/mock_Storage.go:407.2,407.11 1 0
homework/mocks/mock_Storage.go:410.89,413.2 2 0
homework/mocks/mock_Storage.go:415.120,418.2 2 0
homework/mocks/mock_Storage.go:425.17,429.19 3 0
homework/mocks/mock_Storage.go:429.19,429.49 1 0
homework/mocks/mock_Storage.go:431.2,431.13 1 0
homework/mocks/mock_ValidationService.go:20.75,22.2 1 0
homework/mocks/mock_ValidationService.go:25.87,28.19 2 0
homework/mocks/mock_ValidationService.go:28.19,29.56 1 0
homework/mocks/mock_ValidationService.go:32.2,34.71 3 0
homework/mocks/mock_ValidationService.go:34.71,36.3 1 0
homework/mocks/mock_ValidationService.go:37.2,37.62 1 0
homework/mocks/mock_ValidationService.go:37.62,39.3 1 0
homework/mocks/mock_ValidationService.go:39.8,41.3 1 0
homework/mocks/mock_ValidationService.go:43.2,43.55 1 0
homework/mocks/mock_ValidationService.go:43.55,45.3 1 0
homework/mocks/mock_ValidationService.go:45.8,47.3 1 0
homework/mocks/mock_ValidationService.go:49.2,49.15 1 0
homework/mocks/mock_ValidationService.go:59.118,61.2 1 0
homework/mocks/mock_ValidationService.go:63.127,64.40 1 0
homework/mocks/mock_ValidationService.go:64.40,66.3 1 0
homework/mocks/mock_ValidationService.go:67.2,67.11 1 0
homework/mocks/mock_ValidationService.go:70.133,73.2 2 0
homework/mocks/mock_ValidationService.go:75.154,78.2 2 0
homework/mocks/mock_ValidationService.go:81.103,84.19 2 0
homework/mocks/mock_ValidationService.go:84.19,85.62 1 0
homework/mocks/mock_ValidationService.go:88.2,90.75 3 0
homework/mocks/mock_ValidationService.go:90.75,92.3 1 0
homework/mocks/mock_ValidationService.go:93.2,93.66 1 0
homework/mocks/mock_ValidationService.go:93.66,95.3 1 0
homework/mocks/mock_ValidationService.go:95.8,97.3 1 0
homework/mocks/mock_ValidationService.go:99.2,99.59 1 0
homework/mocks/mock_ValidationService.go:99.59,101.3 1 0
homework/mocks/mock_ValidationService.go:101.8,103.3 1 0
homework/mocks/mock_ValidationService.go:105.2,105.15 1 0
homework/mocks/mock_ValidationService.go:116.149,118.2 1 0
homework/mocks/mock_ValidationService.go:120.149,121.40 1 0
homework/mocks/mock_ValidationService.go:121.40,123.3 1 0
homework/mocks/mock_ValidationService.go:124.2,124.11 1 0
homework/mocks/mock_ValidationService.go:127.145,130.2 2 0
homework/mocks/mock_ValidationService.go:132.170,135.2 2 0
homework/mocks/mock_ValidationService.go:138.87,141.19 2 0
homework/mocks/mock_ValidationService.go:141.19,142.55 1 0
homework/mocks/mock_ValidationService.go:145.2,147.69 3 0
homework/mocks/mock_ValidationService.go:147.69,149.3 1 0
homework/mocks/mock_ValidationService.go:150.2,150.60 1 0
homework/mocks/mock_ValidationService.go:150.60,152.3 1 0
homework/mocks/mock_ValidationService.go:152.8,153.24 1 0
homework/mocks/mock_ValidationService.go:153.24,155.4 1 0
homework/mocks/mock_ValidationService.go:158.2,158.51 1 0
homework/mocks/mock_ValidationService.go:158.51,160.3 1 0
homework/mocks/mock_ValidationService.go:160.8,162.3 1 0
homework/mocks/mock_ValidationService.go:164.2,164.15 1 0
homework/mocks/mock_ValidationService.go:174.119,176.2 1 0
homework/mocks/mock_ValidationService.go:178.124,179.40 1 0
homework/mocks/mock_ValidationService.go:179.40,181.3 1 0
homework/mocks/mock_ValidationService.go:182.2,182.11 1 0
homework/mocks/mock_ValidationService.go:185.133,188.2 2 0
homework/mocks/mock_ValidationService.go:190.150,193.2 2 0
homework/mocks/mock_ValidationService.go:196.94,199.19 2 0
homework/mocks/mock_ValidationService.go:199.19,200.54 1 0
homework/mocks/mock_ValidationService.go:203.2,206.71 4 0
homework/mocks/mock_ValidationService.go:206.71,208.3 1 0
homework/mocks/mock_ValidationService.go:209.2,209.57 1 0
homework/mocks/mock_ValidationService.go:209.57,211.3 1 0
homework/mocks/mock_ValidationService.go:211.8,213.3 1 0
homework/mocks/mock_ValidationService.go:215.2,215.57 1 0
homework/mocks/mock_ValidationService.go:215.57,217.3 1 0
homework/mocks/mock_ValidationService.go:217.8,219.3 1 0
homework/mocks/mock_ValidationService.go:221.2,221.59 1 0
homework/mocks/mock_ValidationService.go:221.59,223.3 1 0
homework/mocks/mock_ValidationService.go:223.8,225.3 1 0
homework/mocks/mock_ValidationService.go:227.2,227.19 1 0
homework/mocks/mock_ValidationService.go:238.136,240.2 1 0
homework/mocks/mock_ValidationService.go:242.136,243.40 1 0
homework/mocks/mock_ValidationService.go:243.40,245.3 1 0
homework/mocks/mock_ValidationService.go:246.2,246.11 1 0
homework/mocks/mock_ValidationService.go:249.129,252.2 2 0
homework/mocks/mock_ValidationService.go:254.150,257.2 2 0
homework/mocks/mock_ValidationService.go:260.75,263.19 2 0
homework/mocks/mock_ValidationService.go:263.19,264.65 1 0
homework/mocks/mock_ValidationService.go:267.2,268.51 2 0
homework/mocks/mock_ValidationService.go:268.51,270.3 1 0
homework/mocks/mock_ValidationService.go:270.8,272.3 1 0
homework/mocks/mock_ValidationService.go:274.2,274.11 1 0
homework/mocks/mock_ValidationService.go:284.135,286.2 1 0
homework/mocks/mock_ValidationService.go:288.140,289.40 1 0
homework/mocks/mock_ValidationService.go:289.40,291.3 1 0
homework/mocks/mock_ValidationService.go:292.2,292.11 1 0
homework/mocks/mock_ValidationService.go:295.133,298.2 2 0
homework/mocks/mock_ValidationService.go:300.152,303.2 2 0
homework/mocks/mock_ValidationService.go:310.27,314.19 3 0
homework/mocks/mock_ValidationService.go:314.19,314.49 1 0
homework/mocks/mock_ValidationService.go:316.2,316.13 1 0
homework/internal/service/order.go:30.117,36.2 1 0
homework/internal/service/order.go:38.78,45.12 5 0
homework/internal/service/order.go:45.12,46.7 1 0
homework/internal/service/order.go:46.7,47.11 1 0
homework/internal/service/order.go:48.16,49.11 1 0
homework/internal/service/order.go:50.20,51.20 1 0
homework/internal/service/order.go:56.2,56.72 1 0
homework/internal/service/order.go:56.72,60.3 3 0
homework/internal/service/order.go:62.2,65.12 3 0
homework/internal/service/order.go:68.61,69.25 1 0
homework/internal/service/order.go:69.25,72.3 2 0
homework/internal/service/order.go:74.2,74.58 1 0
homework/internal/service/order.go:77.59,82.2 3 0
homework/internal/service/order.go:84.58,87.2 2 0
homework/internal/service/order.go:89.80,91.2 1 0
homework/internal/service/order.go:93.94,95.2 1 0
homework/internal/service/order.go:97.68,99.16 2 0
homework/internal/service/order.go:99.16,101.3 1 0
homework/internal/service/order.go:102.2,102.20 1 0
homework/internal/service/order.go:105.58,106.22 1 0
homework/internal/service/order.go:106.22,108.3 1 0
homework/internal/service/order.go:109.2,111.31 3 0
homework/internal/service/order.go:111.31,122.3 1 0
homework/internal/service/order.go:123.2,123.18 1 0
homework/internal/service/validation.go:25.107,30.2 1 1
homework/internal/service/validation.go:32.82,33.24 1 1
homework/internal/service/validation.go:33.24,35.3 1 1
homework/internal/service/validation.go:36.2,36.28 1 1
homework/internal/service/validation.go:36.28,38.3 1 1
homework/internal/service/validation.go:39.2,39.28 1 1
homework/internal/service/validation.go:39.28,41.3 1 1
homework/internal/service/validation.go:42.2,42.32 1 1
homework/internal/service/validation.go:42.32,44.3 1 1
homework/internal/service/validation.go:46.2,47.16 2 1
homework/internal/service/validation.go:47.16,49.3 1 1
homework/internal/service/validation.go:49.8,49.44 1 1
homework/internal/service/validation.go:49.44,51.3 1 1
homework/internal/service/validation.go:53.2,54.40 2 1
homework/internal/service/validation.go:54.40,56.3 1 1
homework/internal/service/validation.go:58.2,59.36 2 1
homework/internal/service/validation.go:59.36,61.3 1 1
homework/internal/service/validation.go:63.2,64.12 2 0
homework/internal/service/validation.go:64.12,66.3 1 0
homework/internal/service/validation.go:68.2,72.77 4 0
homework/internal/service/validation.go:72.77,74.3 1 0
homework/internal/service/validation.go:76.2,84.19 2 0
homework/internal/service/validation.go:87.82,90.22 3 1
homework/internal/service/validation.go:90.22,92.3 1 1
homework/internal/service/validation.go:94.2,97.13 3 1
homework/internal/service/validation.go:97.13,99.3 1 1
homework/internal/service/validation.go:101.2,103.25 2 1
homework/internal/service/validation.go:103.25,105.14 2 1
homework/internal/service/validation.go:105.14,107.4 1 0
homework/internal/service/validation.go:108.3,108.19 1 1
homework/internal/service/validation.go:108.19,110.4 1 1
homework/internal/service/validation.go:111.3,111.21 1 1
homework/internal/service/validation.go:111.21,113.4 1 1
homework/internal/service/validation.go:114.3,114.43 1 1
homework/internal/service/validation.go:114.43,116.4 1 1
homework/internal/service/validation.go:119.3,119.34 1 0
homework/internal/service/validation.go:119.34,121.4 1 0
homework/internal/service/validation.go:123.3,123.47 1 0
homework/internal/service/validation.go:126.2,126.27 1 0
homework/internal/service/validation.go:129.91,131.20 2 1
homework/internal/service/validation.go:131.20,133.3 1 1
homework/internal/service/validation.go:134.2,134.24 1 1
homework/internal/service/validation.go:134.24,136.3 1 1
homework/internal/service/validation.go:138.2,139.13 2 1
homework/internal/service/validation.go:139.13,141.3 1 1
homework/internal/service/validation.go:143.2,143.28 1 1
homework/internal/service/validation.go:143.28,145.3 1 1
homework/internal/service/validation.go:146.2,146.19 1 1
homework/internal/service/validation.go:146.19,148.3 1 1
homework/internal/service/validation.go:149.2,149.58 1 1
homework/internal/service/validation.go:149.58,151.3 1 1
homework/internal/service/validation.go:153.2,153.19 1 0
homework/internal/service/validation.go:156.70,157.20 1 1
homework/internal/service/validation.go:157.20,159.3 1 1
homework/internal/service/validation.go:161.2,161.44 1 1
homework/internal/service/validation.go:161.44,163.3 1 0
homework/internal/service/validation.go:165.2,166.13 2 1
homework/internal/service/validation.go:166.13,168.3 1 1
homework/internal/service/validation.go:170.2,170.18 1 1
homework/internal/service/validation.go:170.18,172.3 1 1
homework/internal/service/validation.go:179.2,179.12 1 0
homework/internal/service/validation.go:182.82,183.24 1 1
homework/internal/service/validation.go:183.24,185.3 1 1
homework/internal/service/validation.go:186.2,186.23 1 1
homework/internal/service/validation.go:186.23,188.3 1 1
homework/internal/service/validation.go:189.2,190.16 2 0
homework/internal/service/validation.go:190.16,192.3 1 0
homework/internal/service/validation.go:193.2,194.16 2 0
homework/internal/service/validation.go:194.16,196.3 1 0
homework/internal/service/validation.go:198.2,198.33 1 0
homework/internal/service/validation.go:201.33,202.18 1 1
homework/internal/service/validation.go:202.18,204.3 1 1
homework/internal/service/validation.go:205.2,205.14 1 1
homework/internal/util/common.go:12.33,14.16 2 0
homework/internal/util/common.go:14.16,16.3 1 0
homework/internal/util/common.go:18.2,19.16 2 0
homework/internal/util/common.go:19.16,21.3 1 0
homework/internal/util/common.go:23.2,24.16 2 0
homework/internal/util/common.go:24.16,26.3 1 0
homework/internal/util/common.go:28.2,36.3 1 0
homework/internal/util/common.go:39.82,40.19 1 0
homework/internal/util/common.go:40.19,41.29 1 0
homework/internal/util/common.go:41.29,45.12 3 0
homework/internal/util/common.go:47.3,47.13 1 0
homework/internal/util/common.go:49.2,49.8 1 0
homework/internal/util/common.go:52.37,55.16 2 0
homework/internal/util/common.go:55.16,57.3 1 0
homework/internal/util/common.go:58.2,64.3 1 0
homework/mocks/mock_OrderService.go:20.65,22.2 1 1
homework/mocks/mock_OrderService.go:25.82,28.19 2 0
homework/mocks/mock_OrderService.go:28.19,29.48 1 0
homework/mocks/mock_OrderService.go:32.2,33.66 2 0
homework/mocks/mock_OrderService.go:33.66,35.3 1 0
homework/mocks/mock_OrderService.go:35.8,37.3 1 0
homework/mocks/mock_OrderService.go:39.2,39.11 1 0
homework/mocks/mock_OrderService.go:50.118,52.2 1 0
homework/mocks/mock_OrderService.go:54.125,55.40 1 0
homework/mocks/mock_OrderService.go:55.40,57.3 1 0
homework/mocks/mock_OrderService.go:58.2,58.11 1 0
homework/mocks/mock_OrderService.go:61.89,64.2 2 0
homework/mocks/mock_OrderService.go:66.123,69.2 2 0
homework/mocks/mock_OrderService.go:72.72,75.19 2 1
homework/mocks/mock_OrderService.go:75.19,76.48 1 0
homework/mocks/mock_OrderService.go:79.2,81.66 3 1
homework/mocks/mock_OrderService.go:81.66,83.3 1 0
homework/mocks/mock_OrderService.go:84.2,84.58 1 1
homework/mocks/mock_OrderService.go:84.58,86.3 1 0
homework/mocks/mock_OrderService.go:86.8,88.3 1 1
homework/mocks/mock_OrderService.go:90.2,90.50 1 1
homework/mocks/mock_OrderService.go:90.50,92.3 1 0
homework/mocks/mock_OrderService.go:92.8,94.3 1 1
homework/mocks/mock_OrderService.go:96.2,96.15 1 1
homework/mocks/mock_OrderService.go:106.95,108.2 1 1
homework/mocks/mock_OrderService.go:110.100,111.40 1 0
homework/mocks/mock_OrderService.go:111.40,113.3 1 0
homework/mocks/mock_OrderService.go:114.2,114.11 1 0
homework/mocks/mock_OrderService.go:117.106,120.2 2 1
homework/mocks/mock_OrderService.go:122.123,125.2 2 0
homework/mocks/mock_OrderService.go:128.72,131.19 2 0
homework/mocks/mock_OrderService.go:131.19,132.47 1 0
homework/mocks/mock_OrderService.go:135.2,136.60 2 0
homework/mocks/mock_OrderService.go:136.60,138.3 1 0
homework/mocks/mock_OrderService.go:138.8,140.3 1 0
homework/mocks/mock_OrderService.go:142.2,142.11 1 0
homework/mocks/mock_OrderService.go:152.100,154.2 1 0
homework/mocks/mock_OrderService.go:156.114,157.40 1 0
homework/mocks/mock_OrderService.go:157.40,159.3 1 0
homework/mocks/mock_OrderService.go:160.2,160.11 1 0
homework/mocks/mock_OrderService.go:163.87,166.2 2 0
homework/mocks/mock_OrderService.go:168.115,171.2 2 0
homework/mocks/mock_OrderService.go:174.102,177.19 2 0
homework/mocks/mock_OrderService.go:177.19,178.52 1 0
homework/mocks/mock_OrderService.go:181.2,183.79 3 0
homework/mocks/mock_OrderService.go:183.79,185.3 1 0
homework/mocks/mock_OrderService.go:186.2,186.70 1 0
homework/mocks/mock_OrderService.go:186.70,188.3 1 0
homework/mocks/mock_OrderService.go:188.8,189.24 1 0
homework/mocks/mock_OrderService.go:189.24,191.4 1 0
homework/mocks/mock_OrderService.go:194.2,194.61 1 0
homework/mocks/mock_OrderService.go:194.61,196.3 1 0
homework/mocks/mock_OrderService.go:196.8,198.3 1 0
homework/mocks/mock_OrderService.go:200.2,200.15 1 0
homework/mocks/mock_OrderService.go:212.142,214.2 1 0
homework/mocks/mock_OrderService.go:216.131,217.40 1 0
homework/mocks/mock_OrderService.go:217.40,219.3 1 0
homework/mocks/mock_OrderService.go:220.2,220.11 1 0
homework/mocks/mock_OrderService.go:223.117,226.2 2 0
homework/mocks/mock_OrderService.go:228.144,231.2 2 0
homework/mocks/mock_OrderService.go:234.88,237.19 2 0
homework/mocks/mock_OrderService.go:237.19,238.53 1 0
homework/mocks/mock_OrderService.go:241.2,243.71 3 0
homework/mocks/mock_OrderService.go:243.71,245.3 1 0
homework/mocks/mock_OrderService.go:246.2,246.62 1 0
homework/mocks/mock_OrderService.go:246.62,248.3 1 0
homework/mocks/mock_OrderService.go:248.8,249.24 1 0
homework/mocks/mock_OrderService.go:249.24,251.4 1 0
homework/mocks/mock_OrderService.go:254.2,254.53 1 0
homework/mocks/mock_OrderService.go:254.53,256.3 1 0
homework/mocks/mock_OrderService.go:256.8,258.3 1 0
homework/mocks/mock_OrderService.go:260.2,260.15 1 0
homework/mocks/mock_OrderService.go:271.124,273.2 1 0
homework/mocks/mock_OrderService.go:275.118,276.40 1 0
homework/mocks/mock_OrderService.go:276.40,278.3 1 0
homework/mocks/mock_OrderService.go:279.2,279.11 1 0
homework/mocks/mock_OrderService.go:282.119,285.2 2 0
homework/mocks/mock_OrderService.go:287.138,290.2 2 0
homework/mocks/mock_OrderService.go:293.62,295.2 1 0
homework/mocks/mock_OrderService.go:304.101,306.2 1 0
homework/mocks/mock_OrderService.go:308.114,309.40 1 0
homework/mocks/mock_OrderService.go:309.40,311.3 1 0
homework/mocks/mock_OrderService.go:312.2,312.11 1 0
homework/mocks/mock_OrderService.go:315.86,318.2 2 0
homework/mocks/mock_OrderService.go:320.116,323.2 2 0
homework/mocks/mock_OrderService.go:326.64,329.19 2 0
homework/mocks/mock_OrderService.go:329.19,330.48 1 0
homework/mocks/mock_OrderService.go:333.2,334.58 2 0
homework/mocks/mock_OrderService.go:334.58,336.3 1 0
homework/mocks/mock_OrderService.go:336.8,338.3 1 0
homework/mocks/mock_OrderService.go:340.2,340.11 1 0
homework/mocks/mock_OrderService.go:350.95,352.2 1 0
homework/mocks/mock_OrderService.go:354.107,355.40 1 0
homework/mocks/mock_OrderService.go:355.40,357.3 1 0
homework/mocks/mock_OrderService.go:358.2,358.11 1 0
homework/mocks/mock_OrderService.go:361.89,364.2 2 0
homework/mocks/mock_OrderService.go:366.115,369.2 2 0
homework/mocks/mock_OrderService.go:372.62,375.19 2 0
homework/mocks/mock_OrderService.go:375.19,376.57 1 0
homework/mocks/mock_OrderService.go:379.2,380.51 2 0
homework/mocks/mock_OrderService.go:380.51,382.3 1 0
homework/mocks/mock_OrderService.go:382.8,384.3 1 0
homework/mocks/mock_OrderService.go:386.2,386.11 1 0
homework/mocks/mock_OrderService.go:396.109,398.2 1 0
homework/mocks/mock_OrderService.go:400.114,401.40 1 0
homework/mocks/mock_OrderService.go:401.40,403.3 1 0
homework/mocks/mock_OrderService.go:404.2,404.11 1 0
homework/mocks/mock_OrderService.go:407.107,410.2 2 0
homework/mocks/mock_OrderService.go:412.126,415.2 2 0
homework/mocks/mock_OrderService.go:422.22,426.19 3 1
homework/mocks/mock_OrderService.go:426.19,426.49 1 1
homework/mocks/mock_OrderService.go:428.2,428.13 1 1
homework/mocks/mock_PackageService.go:20.69,22.2 1 0
homework/mocks/mock_PackageService.go:25.97,27.2 1 0
homework/mocks/mock_PackageService.go:37.135,39.2 1 0
homework/mocks/mock_PackageService.go:41.154,42.40 1 0
homework/mocks/mock_PackageService.go:42.40,44.3 1 0
homework/mocks/mock_PackageService.go:45.2,45.11 1 0
homework/mocks/mock_PackageService.go:48.96,51.2 2 0
homework/mocks/mock_PackageService.go:53.145,56.2 2 0
homework/mocks/mock_PackageService.go:59.107,62.19 2 0
homework/mocks/mock_PackageService.go:62.19,63.57 1 0
homework/mocks/mock_PackageService.go:66.2,67.78 2 0
homework/mocks/mock_PackageService.go:67.78,69.3 1 0
homework/mocks/mock_PackageService.go:69.8,71.3 1 0
homework/mocks/mock_PackageService.go:73.2,73.11 1 0
homework/mocks/mock_PackageService.go:84.142,86.2 1 0
homework/mocks/mock_PackageService.go:88.161,89.40 1 0
homework/mocks/mock_PackageService.go:89.40,91.3 1 0
homework/mocks/mock_PackageService.go:92.2,92.11 1 0
homework/mocks/mock_PackageService.go:95.111,98.2 2 0
homework/mocks/mock_PackageService.go:100.157,103.2 2 0
homework/mocks/mock_PackageService.go:110.24,114.19 3 1
homework/mocks/mock_PackageService.go:114.19,114.49 1 1
homework/mocks/mock_PackageService.go:116.2,116.13 1 1
homework/mocks/mock_Storage.go:20.55,22.2 1 0
homework/mocks/mock_Storage.go:25.77,28.19 2 0
homework/mocks/mock_Storage.go:28.19,29.48 1 0
homework/mocks/mock_Storage.go:32.2,34.69 3 0
homework/mocks/mock_Storage.go:34.69,36.3 1 0
homework/mocks/mock_Storage.go:37.2,37.60 1 0
homework/mocks/mock_Storage.go:37.60,39.3 1 0
homework/mocks/mock_Storage.go:39.8,41.3 1 0
homework/mocks/mock_Storage.go:43.2,43.59 1 0
homework/mocks/mock_Storage.go:43.59,45.3 1 0
homework/mocks/mock_Storage.go:45.8,47.3 1 0
homework/mocks/mock_Storage.go:49.2,49.15 1 0
homework/mocks/mock_Storage.go:60.105,62.2 1 0
homework/mocks/mock_Storage.go:64.105,65.40 1 0
homework/mocks/mock_Storage.go:65.40,67.3 1 0
homework/mocks/mock_Storage.go:68.2,68.11 1 0
homework/mocks/mock_Storage.go:71.91,74.2 2 0
homework/mocks/mock_Storage.go:76.116,79.2 2 0
homework/mocks/mock_Storage.go:82.80,85.19 2 0
homework/mocks/mock_Storage.go:85.19,86.45 1 0
homework/mocks/mock_Storage.go:89.2,91.75 3 0
homework/mocks/mock_Storage.go:91.75,93.3 1 0
homework/mocks/mock_Storage.go:94.2,94.66 1 0
homework/mocks/mock_Storage.go:94.66,96.3 1 0
homework/mocks/mock_Storage.go:96.8,98.3 1 0
homework/mocks/mock_Storage.go:100.2,100.59 1 0
homework/mocks/mock_Storage.go:100.59,102.3 1 0
homework/mocks/mock_Storage.go:102.8,104.3 1 0
homework/mocks/mock_Storage.go:106.2,106.15 1 0
homework/mocks/mock_Storage.go:117.99,119.2 1 0
homework/mocks/mock_Storage.go:121.99,122.40 1 0
homework/mocks/mock_Storage.go:122.40,124.3 1 0
homework/mocks/mock_Storage.go:125.2,125.11 1 0
homework/mocks/mock_Storage.go:128.91,131.2 2 0
homework/mocks/mock_Storage.go:133.116,136.2 2 0
homework/mocks/mock_Storage.go:139.115,142.19 2 0
homework/mocks/mock_Storage.go:142.19,143.51 1 0
homework/mocks/mock_Storage.go:146.2,148.87 3 0
homework/mocks/mock_Storage.go:148.87,150.3 1 0
homework/mocks/mock_Storage.go:151.2,151.78 1 0
homework/mocks/mock_Storage.go:151.78,153.3 1 0
homework/mocks/mock_Storage.go:153.8,154.24 1 0
homework/mocks/mock_Storage.go:154.24,156.4 1 0
homework/mocks/mock_Storage.go:159.2,159.69 1 0
homework/mocks/mock_Storage.go:159.69,161.3 1 0
homework/mocks/mock_Storage.go:161.8,163.3 1 0
homework/mocks/mock_Storage.go:165.2,165.15 1 0
homework/mocks/mock_Storage.go:178.154,180.2 1 0
homework/mocks/mock_Storage.go:182.138,183.40 1 0
homework/mocks/mock_Storage.go:183.40,185.3 1 0
homework/mocks/mock_Storage.go:186.2,186.11 1 0
homework/mocks/mock_Storage.go:189.105,192.2 2 0
homework/mocks/mock_Storage.go:194.140,197.2 2 0
homework/mocks/mock_Storage.go:200.101,203.19 2 0
homework/mocks/mock_Storage.go:203.19,204.52 1 0
homework/mocks/mock_Storage.go:207.2,209.79 3 0
homework/mocks/mock_Storage.go:209.79,211.3 1 0
homework/mocks/mock_Storage.go:212.2,212.70 1 0
homework/mocks/mock_Storage.go:212.70,214.3 1 0
homework/mocks/mock_Storage.go:214.8,215.24 1 0
homework/mocks/mock_Storage.go:215.24,217.4 1 0
homework/mocks/mock_Storage.go:220.2,220.61 1 0
homework/mocks/mock_Storage.go:220.61,222.3 1 0
homework/mocks/mock_Storage.go:222.8,224.3 1 0
homework/mocks/mock_Storage.go:226.2,226.15 1 0
homework/mocks/mock_Storage.go:238.136,240.2 1 0
homework/mocks/mock_Storage.go:242.125,243.40 1 0
homework/mocks/mock_Storage.go:243.40,245.3 1 0
homework/mocks/mock_Storage.go:246.2,246.11 1 0
homework/mocks/mock_Storage.go:249.107,252.2 2 0
homework/mocks/mock_Storage.go:254.134,257.2 2 0
homework/mocks/mock_Storage.go:260.86,263.19 2 0
homework/mocks/mock_Storage.go:263.19,264.48 1 0
homework/mocks/mock_Storage.go:267.2,269.75 3 0
homework/mocks/mock_Storage.go:269.75,271.3 1 0
homework/mocks/mock_Storage.go:272.2,272.66 1 0
homework/mocks/mock_Storage.go:272.66,274.3 1 0
homework/mocks/mock_Storage.go:274.8,276.3 1 0
homework/mocks/mock_Storage.go:278.2,278.65 1 0
homework/mocks/mock_Storage.go:278.65,280.3 1 0
homework/mocks/mock_Storage.go:280.8,282.3 1 0
homework/mocks/mock_Storage.go:284.2,284.15 1 0
homework/mocks/mock_Storage.go:295.108,297.2 1 0
homework/mocks/mock_Storage.go:299.114,300.40 1 0
homework/mocks/mock_Storage.go:300.40,302.3 1 0
homework/mocks/mock_Storage.go:303.2,303.11 1 0
homework/mocks/mock_Storage.go:306.91,309.2 2 0
homework/mocks/mock_Storage.go:311.122,314.2 2 0
homework/mocks/mock_Storage.go:317.84,320.19 2 0
homework/mocks/mock_Storage.go:320.19,321.53 1 0
homework/mocks/mock_Storage.go:324.2,325.67 2 0
homework/mocks/mock_Storage.go:325.67,327.3 1 0
homework/mocks/mock_Storage.go:327.8,329.3 1 0
homework/mocks/mock_Storage.go:331.2,331.11 1 0
homework/mocks/mock_Storage.go:342.119,344.2 1 0
homework/mocks/mock_Storage.go:346.127,347.40 1 0
homework/mocks/mock_Storage.go:347.40,349.3 1 0
homework/mocks/mock_Storage.go:350.2,350.11 1 0
homework/mocks/mock_Storage.go:353.89,356.2 2 0
homework/mocks/mock_Storage.go:358.124,361.2 2 0
homework/mocks/mock_Storage.go:364.84,367.19 2 0
homework/mocks/mock_Storage.go:367.19,368.48 1 0
homework/mocks/mock_Storage.go:371.2,373.73 3 0
homework/mocks/mock_Storage.go:373.73,375.3 1 0
homework/mocks/mock_Storage.go:376.2,376.64 1 0
homework/mocks/mock_Storage.go:376.64,378.3 1 0
homework/mocks/mock_Storage.go:378.8,380.3 1 0
homework/mocks/mock_Storage.go:382.2,382.65 1 0
homework/mocks/mock_Storage.go:382.65,384.3 1 0
homework/mocks/mock_Storage.go:384.8,386.3 1 0
homework/mocks/mock_Storage.go:388.2,388.15 1 0
homework/mocks/mock_Storage.go:399.108,401.2 1 0
homework/mocks/mock_Storage.go:403.114,404.40 1 0
homework/mocks/mock_Storage.go:404.40,406.3 1 0
homework/mocks/mock_Storage.go:407.2,407.11 1 0
homework/mocks/mock_Storage.go:410.89,413.2 2 0
homework/mocks/mock_Storage.go:415.120,418.2 2 0
homework/mocks/mock_Storage.go:425.17,429.19 3 0
homework/mocks/mock_Storage.go:429.19,429.49 1 0
homework/mocks/mock_Storage.go:431.2,431.13 1 0
homework/mocks/mock_ValidationService.go:20.75,22.2 1 0
homework/mocks/mock_ValidationService.go:25.87,28.19 2 0
homework/mocks/mock_ValidationService.go:28.19,29.56 1 0
homework/mocks/mock_ValidationService.go:32.2,34.71 3 0
homework/mocks/mock_ValidationService.go:34.71,36.3 1 0
homework/mocks/mock_ValidationService.go:37.2,37.62 1 0
homework/mocks/mock_ValidationService.go:37.62,39.3 1 0
homework/mocks/mock_ValidationService.go:39.8,41.3 1 0
homework/mocks/mock_ValidationService.go:43.2,43.55 1 0
homework/mocks/mock_ValidationService.go:43.55,45.3 1 0
homework/mocks/mock_ValidationService.go:45.8,47.3 1 0
homework/mocks/mock_ValidationService.go:49.2,49.15 1 0
homework/mocks/mock_ValidationService.go:59.118,61.2 1 0
homework/mocks/mock_ValidationService.go:63.127,64.40 1 0
homework/mocks/mock_ValidationService.go:64.40,66.3 1 0
homework/mocks/mock_ValidationService.go:67.2,67.11 1 0
homework/mocks/mock_ValidationService.go:70.133,73.2 2 0
homework/mocks/mock_ValidationService.go:75.154,78.2 2 0
homework/mocks/mock_ValidationService.go:81.103,84.19 2 0
homework/mocks/mock_ValidationService.go:84.19,85.62 1 0
homework/mocks/mock_ValidationService.go:88.2,90.75 3 0
homework/mocks/mock_ValidationService.go:90.75,92.3 1 0
homework/mocks/mock_ValidationService.go:93.2,93.66 1 0
homework/mocks/mock_ValidationService.go:93.66,95.3 1 0
homework/mocks/mock_ValidationService.go:95.8,97.3 1 0
homework/mocks/mock_ValidationService.go:99.2,99.59 1 0
homework/mocks/mock_ValidationService.go:99.59,101.3 1 0
homework/mocks/mock_ValidationService.go:101.8,103.3 1 0
homework/mocks/mock_ValidationService.go:105.2,105.15 1 0
homework/mocks/mock_ValidationService.go:116.149,118.2 1 0
homework/mocks/mock_ValidationService.go:120.149,121.40 1 0
homework/mocks/mock_ValidationService.go:121.40,123.3 1 0
homework/mocks/mock_ValidationService.go:124.2,124.11 1 0
homework/mocks/mock_ValidationService.go:127.145,130.2 2 0
homework/mocks/mock_ValidationService.go:132.170,135.2 2 0
homework/mocks/mock_ValidationService.go:138.87,141.19 2 0
homework/mocks/mock_ValidationService.go:141.19,142.55 1 0
homework/mocks/mock_ValidationService.go:145.2,147.69 3 0
homework/mocks/mock_ValidationService.go:147.69,149.3 1 0
homework/mocks/mock_ValidationService.go:150.2,150.60 1 0
homework/mocks/mock_ValidationService.go:150.60,152.3 1 0
homework/mocks/mock_ValidationService.go:152.8,153.24 1 0
homework/mocks/mock_ValidationService.go:153.24,155.4 1 0
homework/mocks/mock_ValidationService.go:158.2,158.51 1 0
homework/mocks/mock_ValidationService.go:158.51,160.3 1 0
homework/mocks/mock_ValidationService.go:160.8,162.3 1 0
homework/mocks/mock_ValidationService.go:164.2,164.15 1 0
homework/mocks/mock_ValidationService.go:174.119,176.2 1 0
homework/mocks/mock_ValidationService.go:178.124,179.40 1 0
homework/mocks/mock_ValidationService.go:179.40,181.3 1 0
homework/mocks/mock_ValidationService.go:182.2,182.11 1 0
homework/mocks/mock_ValidationService.go:185.133,188.2 2 0
homework/mocks/mock_ValidationService.go:190.150,193.2 2 0
homework/mocks/mock_ValidationService.go:196.94,199.19 2 0
homework/mocks/mock_ValidationService.go:199.19,200.54 1 0
homework/mocks/mock_ValidationService.go:203.2,206.71 4 0
homework/mocks/mock_ValidationService.go:206.71,208.3 1 0
homework/mocks/mock_ValidationService.go:209.2,209.57 1 0
homework/mocks/mock_ValidationService.go:209.57,211.3 1 0
homework/mocks/mock_ValidationService.go:211.8,213.3 1 0
homework/mocks/mock_ValidationService.go:215.2,215.57 1 0
homework/mocks/mock_ValidationService.go:215.57,217.3 1 0
homework/mocks/mock_ValidationService.go:217.8,219.3 1 0
homework/mocks/mock_ValidationService.go:221.2,221.59 1 0
homework/mocks/mock_ValidationService.go:221.59,223.3 1 0
homework/mocks/mock_ValidationService.go:223.8,225.3 1 0
homework/mocks/mock_ValidationService.go:227.2,227.19 1 0
homework/mocks/mock_ValidationService.go:238.136,240.2 1 0
homework/mocks/mock_ValidationService.go:242.136,243.40 1 0
homework/mocks/mock_ValidationService.go:243.40,245.3 1 0
homework/mocks/mock_ValidationService.go:246.2,246.11 1 0
homework/mocks/mock_ValidationService.go:249.129,252.2 2 0
homework/mocks/mock_ValidationService.go:254.150,257.2 2 0
homework/mocks/mock_ValidationService.go:260.75,263.19 2 0
homework/mocks/mock_ValidationService.go:263.19,264.65 1 0
homework/mocks/mock_ValidationService.go:267.2,268.51 2 0
homework/mocks/mock_ValidationService.go:268.51,270.3 1 0
homework/mocks/mock_ValidationService.go:270.8,272.3 1 0
homework/mocks/mock_ValidationService.go:274.2,274.11 1 0
homework/mocks/mock_ValidationService.go:284.135,286.2 1 0
homework/mocks/mock_ValidationService.go:288.140,289.40 1 0
homework/mocks/mock_ValidationService.go:289.40,291.3 1 0
homework/mocks/mock_ValidationService.go:292.2,292.11 1 0
homework/mocks/mock_ValidationService.go:295.133,298.2 2 0
homework/mocks/mock_ValidationService.go:300.152,303.2 2 0
homework/mocks/mock_ValidationService.go:310.27,314.19 3 0
homework/mocks/mock_ValidationService.go:314.19,314.49 1 0
homework/mocks/mock_ValidationService.go:316.2,316.13 1 0
homework/pkg/hash/hash.go:10.28,15.2 3 0
